<?xml version="1.0" encoding="UTF-8"?>
<!-- Generated by org.testng.reporters.JUnitReportReporter -->
<testsuite skipped="0" hostname="DESKTOP-M2JJACB" name="com.dayfiveth.TestngGroups" tests="2" failures="0" timestamp="17 Feb 2022 14:17:48 GMT" time="0.033" errors="0">
  <testcase name="tc5" time="0.004" classname="com.dayfiveth.TestngGroups"/>
  <testcase name="tc2" time="0.029" classname="com.dayfiveth.TestngGroups"/>
</testsuite> <!-- com.dayfiveth.TestngGroups -->
