<?xml version="1.0" encoding="UTF-8"?>
<!-- Generated by org.testng.reporters.JUnitReportReporter -->
<testsuite skipped="0" hostname="DESKTOP-M2JJACB" name="com.dayfiveth.B" tests="2" failures="0" timestamp="17 Feb 2022 14:17:48 GMT" time="0.007" errors="0">
  <testcase name="tc33" time="0.003" classname="com.dayfiveth.B"/>
  <testcase name="tc11" time="0.004" classname="com.dayfiveth.B"/>
</testsuite> <!-- com.dayfiveth.B -->
