<?xml version="1.0" encoding="UTF-8"?>
<!-- Generated by org.testng.reporters.JUnitReportReporter -->
<testsuite skipped="0" hostname="DESKTOP-M2JJACB" name="com.daysixth.A" tests="5" failures="0" timestamp="18 Feb 2022 12:15:45 GMT" time="0.066" errors="0">
  <testcase name="tc4" time="0.003" classname="com.daysixth.A"/>
  <testcase name="tc1" time="0.034" classname="com.daysixth.A"/>
  <testcase name="tc3" time="0.007" classname="com.daysixth.A"/>
  <testcase name="tc2" time="0.004" classname="com.daysixth.A"/>
  <testcase name="tc5" time="0.018" classname="com.daysixth.A"/>
</testsuite> <!-- com.daysixth.A -->
