<?xml version="1.0" encoding="UTF-8"?>
<!-- Generated by org.testng.reporters.JUnitReportReporter -->
<testsuite skipped="0" hostname="DESKTOP-M2JJACB" name="com.daysecoundsuite.B" tests="3" failures="0" timestamp="16 Feb 2022 06:02:44 GMT" time="0.009" errors="0">
  <testcase name="tc2" time="0.003" classname="com.daysecoundsuite.B"/>
  <testcase name="tc1" time="0.003" classname="com.daysecoundsuite.B"/>
  <testcase name="tc3" time="0.003" classname="com.daysecoundsuite.B"/>
</testsuite> <!-- com.daysecoundsuite.B -->
