<?xml version="1.0" encoding="UTF-8"?>
<!-- Generated by org.testng.reporters.JUnitReportReporter -->
<testsuite skipped="0" hostname="DESKTOP-M2JJACB" name="com.dayfiveth.C" tests="3" failures="0" timestamp="17 Feb 2022 14:17:48 GMT" time="0.016" errors="0">
  <testcase name="tc555" time="0.008" classname="com.dayfiveth.C"/>
  <testcase name="tc333" time="0.005" classname="com.dayfiveth.C"/>
  <testcase name="tc111" time="0.003" classname="com.dayfiveth.C"/>
</testsuite> <!-- com.dayfiveth.C -->
