<?xml version="1.0" encoding="UTF-8"?>
<!-- Generated by org.testng.reporters.JUnitReportReporter -->
<testsuite skipped="0" hostname="DESKTOP-M2JJACB" name="com.daythird.Parameter" tests="1" failures="0" timestamp="17 Feb 2022 14:35:28 GMT" time="14.250" errors="0">
  <testcase name="tc1" time="14.250" classname="com.daythird.Parameter"/>
</testsuite> <!-- com.daythird.Parameter -->
