<?xml version="1.0" encoding="UTF-8"?>
<!-- Generated by org.testng.reporters.JUnitReportReporter -->
<testsuite skipped="0" hostname="DESKTOP-M2JJACB" name="com.daysixth.B" tests="5" failures="0" timestamp="18 Feb 2022 12:15:45 GMT" time="0.079" errors="0">
  <testcase name="tc55" time="0.015" classname="com.daysixth.B"/>
  <testcase name="tc44" time="0.017" classname="com.daysixth.B"/>
  <testcase name="tc33" time="0.006" classname="com.daysixth.B"/>
  <testcase name="tc11" time="0.035" classname="com.daysixth.B"/>
  <testcase name="tc22" time="0.006" classname="com.daysixth.B"/>
</testsuite> <!-- com.daysixth.B -->
