<?xml version="1.0" encoding="UTF-8"?>
<!-- Generated by org.testng.reporters.JUnitReportReporter -->
<testsuite skipped="0" hostname="DESKTOP-M2JJACB" name="com.daysecoundsuite.D" tests="3" failures="0" timestamp="16 Feb 2022 06:02:44 GMT" time="0.034" errors="0">
  <testcase name="tc3" time="0.003" classname="com.daysecoundsuite.D"/>
  <testcase name="tc1" time="0.026" classname="com.daysecoundsuite.D"/>
  <testcase name="tc2" time="0.005" classname="com.daysecoundsuite.D"/>
</testsuite> <!-- com.daysecoundsuite.D -->
