<?xml version="1.0" encoding="UTF-8"?>
<!-- Generated by org.testng.reporters.JUnitReportReporter -->
<testsuite skipped="0" hostname="DESKTOP-M2JJACB" name="com.daysixth.C" tests="5" failures="0" timestamp="18 Feb 2022 12:15:46 GMT" time="0.080" errors="0">
  <testcase name="tc333" time="0.015" classname="com.daysixth.C"/>
  <testcase name="tc444" time="0.008" classname="com.daysixth.C"/>
  <testcase name="tc555" time="0.009" classname="com.daysixth.C"/>
  <testcase name="tc111" time="0.035" classname="com.daysixth.C"/>
  <testcase name="tc222" time="0.013" classname="com.daysixth.C"/>
</testsuite> <!-- com.daysixth.C -->
